<?xml version="1.0" encoding="UTF-8"?>
<coverage generated="1540572750634" clover="3.2.0">
  <project timestamp="1540572750634" name="All files">
    <metrics statements="45" coveredstatements="45" conditionals="8" coveredconditionals="8" methods="22" coveredmethods="22" elements="75" coveredelements="75" complexity="0" loc="45" ncloc="45" packages="2" files="6" classes="6">
      <package name="URLParser">
        <metrics statements="35" coveredstatements="35" conditionals="8" coveredconditionals="8" methods="13" coveredmethods="13"/>
        <file name="QueryParams.js" path="/Users/dmaldonado/www/0004/src/URLParser/QueryParams.js">
          <metrics statements="12" coveredstatements="12" conditionals="4" coveredconditionals="4" methods="5" coveredmethods="5"/>
          <line num="1" count="1" type="stmt"/>
          <line num="2" count="3" type="stmt"/>
          <line num="3" count="3" type="cond" truecount="2" falsecount="0"/>
          <line num="6" count="1" type="stmt"/>
          <line num="7" count="5" type="stmt"/>
          <line num="12" count="2" type="stmt"/>
          <line num="14" count="5" type="stmt"/>
          <line num="16" count="1" type="stmt"/>
          <line num="17" count="3" type="stmt"/>
          <line num="18" count="3" type="stmt"/>
          <line num="20" count="3" type="stmt"/>
          <line num="28" count="1" type="stmt"/>
        </file>
        <file name="URL.js" path="/Users/dmaldonado/www/0004/src/URLParser/URL.js">
          <metrics statements="14" coveredstatements="14" conditionals="2" coveredconditionals="2" methods="4" coveredmethods="4"/>
          <line num="1" count="1" type="stmt"/>
          <line num="5" count="3" type="stmt"/>
          <line num="6" count="3" type="stmt"/>
          <line num="7" count="3" type="stmt"/>
          <line num="10" count="9" type="stmt"/>
          <line num="11" count="9" type="cond" truecount="2" falsecount="0"/>
          <line num="14" count="3" type="stmt"/>
          <line num="15" count="3" type="stmt"/>
          <line num="19" count="1" type="stmt"/>
          <line num="21" count="3" type="stmt"/>
          <line num="22" count="3" type="stmt"/>
          <line num="23" count="3" type="stmt"/>
          <line num="25" count="3" type="stmt"/>
          <line num="28" count="1" type="stmt"/>
        </file>
        <file name="URLFormat.js" path="/Users/dmaldonado/www/0004/src/URLParser/URLFormat.js">
          <metrics statements="9" coveredstatements="9" conditionals="2" coveredconditionals="2" methods="4" coveredmethods="4"/>
          <line num="3" count="3" type="stmt"/>
          <line num="6" count="3" type="stmt"/>
          <line num="8" count="3" type="stmt"/>
          <line num="10" count="15" type="cond" truecount="2" falsecount="0"/>
          <line num="11" count="9" type="stmt"/>
          <line num="15" count="3" type="stmt"/>
          <line num="19" count="1" type="stmt"/>
          <line num="20" count="3" type="stmt"/>
          <line num="23" count="1" type="stmt"/>
        </file>
      </package>
      <package name="Zoo">
        <metrics statements="10" coveredstatements="10" conditionals="0" coveredconditionals="0" methods="9" coveredmethods="9"/>
        <file name="Lion.js" path="/Users/dmaldonado/www/0004/src/Zoo/Lion.js">
          <metrics statements="3" coveredstatements="3" conditionals="0" coveredconditionals="0" methods="3" coveredmethods="3"/>
          <line num="3" count="1" type="stmt"/>
          <line num="6" count="2" type="stmt"/>
          <line num="9" count="1" type="stmt"/>
        </file>
        <file name="SpeakStrategy.js" path="/Users/dmaldonado/www/0004/src/Zoo/SpeakStrategy.js">
          <metrics statements="4" coveredstatements="4" conditionals="0" coveredconditionals="0" methods="3" coveredmethods="3"/>
          <line num="1" count="5" type="stmt"/>
          <line num="2" count="7" type="stmt"/>
          <line num="3" count="28" type="stmt"/>
          <line num="6" count="1" type="stmt"/>
        </file>
        <file name="Tiger.js" path="/Users/dmaldonado/www/0004/src/Zoo/Tiger.js">
          <metrics statements="3" coveredstatements="3" conditionals="0" coveredconditionals="0" methods="3" coveredmethods="3"/>
          <line num="3" count="1" type="stmt"/>
          <line num="6" count="2" type="stmt"/>
          <line num="9" count="1" type="stmt"/>
        </file>
      </package>
    </metrics>
  </project>
</coverage>
