{"/Users/dmaldonado/www/0004/src/Lion.js": {"path":"/Users/dmaldonado/www/0004/src/Lion.js","statementMap":{"0":{"start":{"line":1,"column":13},"end":{"line":7,"column":1}},"1":{"start":{"line":2,"column":4},"end":{"line":6,"column":5}},"2":{"start":{"line":4,"column":12},"end":{"line":4,"column":41}},"3":{"start":{"line":8,"column":0},"end":{"line":8,"column":21}}},"fnMap":{"0":{"name":"(anonymous_0)","decl":{"start":{"line":1,"column":13},"end":{"line":1,"column":14}},"loc":{"start":{"line":1,"column":30},"end":{"line":7,"column":1}},"line":1}},"branchMap":{},"s":{"0":1,"1":1,"2":2,"3":1},"f":{"0":1},"b":{},"_coverageSchema":"332fd63041d2c1bcb487cc26dd0d5f7d97098a6c","hash":"e448a84ab71d28253d088cb1163104749bb1eb0b"}
,"/Users/dmaldonado/www/0004/src/SpeakStrategy.js": {"path":"/Users/dmaldonado/www/0004/src/SpeakStrategy.js","statementMap":{"0":{"start":{"line":1,"column":22},"end":{"line":5,"column":1}},"1":{"start":{"line":1,"column":37},"end":{"line":5,"column":1}},"2":{"start":{"line":2,"column":4},"end":{"line":4,"column":18}},"3":{"start":{"line":3,"column":22},"end":{"line":3,"column":47}},"4":{"start":{"line":6,"column":0},"end":{"line":6,"column":30}}},"fnMap":{"0":{"name":"(anonymous_0)","decl":{"start":{"line":1,"column":22},"end":{"line":1,"column":23}},"loc":{"start":{"line":1,"column":37},"end":{"line":5,"column":1}},"line":1},"1":{"name":"(anonymous_1)","decl":{"start":{"line":1,"column":37},"end":{"line":1,"column":38}},"loc":{"start":{"line":1,"column":48},"end":{"line":5,"column":1}},"line":1},"2":{"name":"(anonymous_2)","decl":{"start":{"line":3,"column":13},"end":{"line":3,"column":14}},"loc":{"start":{"line":3,"column":22},"end":{"line":3,"column":47}},"line":3}},"branchMap":{},"s":{"0":1,"1":5,"2":7,"3":28,"4":1},"f":{"0":5,"1":7,"2":28},"b":{},"_coverageSchema":"332fd63041d2c1bcb487cc26dd0d5f7d97098a6c","hash":"1b93ce5d52ccf914de7bc4d6b0a199ad5aa1a237"}
,"/Users/dmaldonado/www/0004/src/Tiger.js": {"path":"/Users/dmaldonado/www/0004/src/Tiger.js","statementMap":{"0":{"start":{"line":1,"column":14},"end":{"line":7,"column":1}},"1":{"start":{"line":2,"column":4},"end":{"line":6,"column":5}},"2":{"start":{"line":4,"column":12},"end":{"line":4,"column":42}},"3":{"start":{"line":8,"column":0},"end":{"line":8,"column":22}}},"fnMap":{"0":{"name":"(anonymous_0)","decl":{"start":{"line":1,"column":14},"end":{"line":1,"column":15}},"loc":{"start":{"line":1,"column":32},"end":{"line":7,"column":1}},"line":1}},"branchMap":{},"s":{"0":1,"1":1,"2":2,"3":1},"f":{"0":1},"b":{},"_coverageSchema":"332fd63041d2c1bcb487cc26dd0d5f7d97098a6c","hash":"2346823b51b13dcb7d6c4a92372eb521836a8c0f"}
,"/Users/dmaldonado/www/0004/src/URLParser/QueryParams.js": {"path":"/Users/dmaldonado/www/0004/src/URLParser/QueryParams.js","statementMap":{"0":{"start":{"line":1,"column":15},"end":{"line":1,"column":40}},"1":{"start":{"line":3,"column":21},"end":{"line":6,"column":1}},"2":{"start":{"line":4,"column":23},"end":{"line":4,"column":39}},"3":{"start":{"line":5,"column":4},"end":{"line":5,"column":61}},"4":{"start":{"line":8,"column":20},"end":{"line":15,"column":1}},"5":{"start":{"line":9,"column":24},"end":{"line":9,"column":41}},"6":{"start":{"line":10,"column":4},"end":{"line":14,"column":5}},"7":{"start":{"line":12,"column":12},"end":{"line":12,"column":86}},"8":{"start":{"line":12,"column":65},"end":{"line":12,"column":84}},"9":{"start":{"line":17,"column":0},"end":{"line":17,"column":28}}},"fnMap":{"0":{"name":"(anonymous_0)","decl":{"start":{"line":3,"column":21},"end":{"line":3,"column":22}},"loc":{"start":{"line":3,"column":28},"end":{"line":6,"column":1}},"line":3},"1":{"name":"(anonymous_1)","decl":{"start":{"line":8,"column":20},"end":{"line":8,"column":21}},"loc":{"start":{"line":8,"column":27},"end":{"line":15,"column":1}},"line":8},"2":{"name":"(anonymous_2)","decl":{"start":{"line":12,"column":53},"end":{"line":12,"column":54}},"loc":{"start":{"line":12,"column":65},"end":{"line":12,"column":84}},"line":12}},"branchMap":{"0":{"loc":{"start":{"line":5,"column":11},"end":{"line":5,"column":61}},"type":"cond-expr","locations":[{"start":{"line":5,"column":31},"end":{"line":5,"column":33}},{"start":{"line":5,"column":36},"end":{"line":5,"column":61}}],"line":5}},"s":{"0":1,"1":1,"2":2,"3":2,"4":1,"5":2,"6":2,"7":2,"8":3,"9":1},"f":{"0":2,"1":2,"2":3},"b":{"0":[1,1]},"_coverageSchema":"332fd63041d2c1bcb487cc26dd0d5f7d97098a6c","hash":"7df5cf14aff684278cc1df092991baf6c6e43962"}
,"/Users/dmaldonado/www/0004/src/URLParser/URL.js": {"path":"/Users/dmaldonado/www/0004/src/URLParser/URL.js","statementMap":{"0":{"start":{"line":1,"column":20},"end":{"line":1,"column":44}},"1":{"start":{"line":5,"column":8},"end":{"line":5,"column":28}},"2":{"start":{"line":6,"column":8},"end":{"line":6,"column":38}},"3":{"start":{"line":7,"column":8},"end":{"line":7,"column":28}},"4":{"start":{"line":10,"column":25},"end":{"line":10,"column":29}},"5":{"start":{"line":11,"column":8},"end":{"line":11,"column":94}},"6":{"start":{"line":14,"column":37},"end":{"line":14,"column":41}},"7":{"start":{"line":15,"column":8},"end":{"line":15,"column":65}},"8":{"start":{"line":19,"column":18},"end":{"line":26,"column":1}},"9":{"start":{"line":21,"column":18},"end":{"line":21,"column":32}},"10":{"start":{"line":22,"column":19},"end":{"line":22,"column":38}},"11":{"start":{"line":23,"column":24},"end":{"line":23,"column":49}},"12":{"start":{"line":25,"column":4},"end":{"line":25,"column":47}},"13":{"start":{"line":28,"column":0},"end":{"line":28,"column":26}}},"fnMap":{"0":{"name":"(anonymous_0)","decl":{"start":{"line":4,"column":4},"end":{"line":4,"column":5}},"loc":{"start":{"line":4,"column":45},"end":{"line":8,"column":5}},"line":4},"1":{"name":"(anonymous_1)","decl":{"start":{"line":9,"column":4},"end":{"line":9,"column":5}},"loc":{"start":{"line":9,"column":19},"end":{"line":12,"column":5}},"line":9},"2":{"name":"(anonymous_2)","decl":{"start":{"line":13,"column":4},"end":{"line":13,"column":5}},"loc":{"start":{"line":13,"column":19},"end":{"line":16,"column":5}},"line":13},"3":{"name":"(anonymous_3)","decl":{"start":{"line":19,"column":18},"end":{"line":19,"column":19}},"loc":{"start":{"line":19,"column":37},"end":{"line":26,"column":1}},"line":19}},"branchMap":{"0":{"loc":{"start":{"line":11,"column":15},"end":{"line":11,"column":94}},"type":"cond-expr","locations":[{"start":{"line":11,"column":55},"end":{"line":11,"column":68}},{"start":{"line":11,"column":71},"end":{"line":11,"column":94}}],"line":11}},"s":{"0":1,"1":2,"2":2,"3":2,"4":6,"5":6,"6":2,"7":2,"8":1,"9":2,"10":2,"11":2,"12":2,"13":1},"f":{"0":2,"1":6,"2":2,"3":2},"b":{"0":[2,4]},"_coverageSchema":"332fd63041d2c1bcb487cc26dd0d5f7d97098a6c","hash":"8cf0b9ff7fad8bdb61551dde8b56fd40eab68fe0"}
,"/Users/dmaldonado/www/0004/src/URLParser/URLFormat.js": {"path":"/Users/dmaldonado/www/0004/src/URLParser/URLFormat.js","statementMap":{"0":{"start":{"line":3,"column":8},"end":{"line":3,"column":38}},"1":{"start":{"line":6,"column":23},"end":{"line":6,"column":25}},"2":{"start":{"line":8,"column":8},"end":{"line":13,"column":10}},"3":{"start":{"line":10,"column":12},"end":{"line":12,"column":13}},"4":{"start":{"line":11,"column":16},"end":{"line":11,"column":65}},"5":{"start":{"line":15,"column":8},"end":{"line":15,"column":21}},"6":{"start":{"line":19,"column":24},"end":{"line":21,"column":1}},"7":{"start":{"line":20,"column":4},"end":{"line":20,"column":32}},"8":{"start":{"line":23,"column":0},"end":{"line":23,"column":32}}},"fnMap":{"0":{"name":"(anonymous_0)","decl":{"start":{"line":2,"column":4},"end":{"line":2,"column":5}},"loc":{"start":{"line":2,"column":24},"end":{"line":4,"column":5}},"line":2},"1":{"name":"(anonymous_1)","decl":{"start":{"line":5,"column":4},"end":{"line":5,"column":5}},"loc":{"start":{"line":5,"column":15},"end":{"line":16,"column":5}},"line":5},"2":{"name":"(anonymous_2)","decl":{"start":{"line":8,"column":27},"end":{"line":8,"column":28}},"loc":{"start":{"line":8,"column":43},"end":{"line":13,"column":9}},"line":8},"3":{"name":"(anonymous_3)","decl":{"start":{"line":19,"column":24},"end":{"line":19,"column":25}},"loc":{"start":{"line":19,"column":34},"end":{"line":21,"column":1}},"line":19}},"branchMap":{"0":{"loc":{"start":{"line":10,"column":12},"end":{"line":12,"column":13}},"type":"if","locations":[{"start":{"line":10,"column":12},"end":{"line":12,"column":13}},{"start":{"line":10,"column":12},"end":{"line":12,"column":13}}],"line":10}},"s":{"0":2,"1":2,"2":2,"3":10,"4":6,"5":2,"6":1,"7":2,"8":1},"f":{"0":2,"1":2,"2":10,"3":2},"b":{"0":[6,4]},"_coverageSchema":"332fd63041d2c1bcb487cc26dd0d5f7d97098a6c","hash":"6d4d9e81b9635d1c4c4458f7bb13e0d772cf8d34"}
,"/Users/dmaldonado/www/0004/src/URLParser/utils/asHash.js": {"path":"/Users/dmaldonado/www/0004/src/URLParser/utils/asHash.js","statementMap":{"0":{"start":{"line":1,"column":15},"end":{"line":8,"column":1}},"1":{"start":{"line":2,"column":4},"end":{"line":7,"column":46}},"2":{"start":{"line":3,"column":8},"end":{"line":5,"column":9}},"3":{"start":{"line":7,"column":22},"end":{"line":7,"column":45}},"4":{"start":{"line":9,"column":0},"end":{"line":9,"column":23}}},"fnMap":{"0":{"name":"(anonymous_0)","decl":{"start":{"line":1,"column":15},"end":{"line":1,"column":16}},"loc":{"start":{"line":1,"column":30},"end":{"line":8,"column":1}},"line":1},"1":{"name":"(anonymous_1)","decl":{"start":{"line":2,"column":27},"end":{"line":2,"column":28}},"loc":{"start":{"line":2,"column":45},"end":{"line":6,"column":5}},"line":2},"2":{"name":"(anonymous_2)","decl":{"start":{"line":7,"column":12},"end":{"line":7,"column":13}},"loc":{"start":{"line":7,"column":22},"end":{"line":7,"column":45}},"line":7}},"branchMap":{"0":{"loc":{"start":{"line":4,"column":19},"end":{"line":4,"column":74}},"type":"cond-expr","locations":[{"start":{"line":4,"column":51},"end":{"line":4,"column":56}},{"start":{"line":4,"column":59},"end":{"line":4,"column":74}}],"line":4}},"s":{"0":1,"1":2,"2":3,"3":1,"4":1},"f":{"0":2,"1":3,"2":1},"b":{"0":[2,1]},"_coverageSchema":"332fd63041d2c1bcb487cc26dd0d5f7d97098a6c","hash":"13723b4bce739a4687c1f6c2c8bfc9954159761c"}
}
