{"/Users/dmaldonado/www/0004/src/URLParser/QueryParams.js": {"path":"/Users/dmaldonado/www/0004/src/URLParser/QueryParams.js","statementMap":{"0":{"start":{"line":1,"column":21},"end":{"line":4,"column":1}},"1":{"start":{"line":2,"column":23},"end":{"line":2,"column":39}},"2":{"start":{"line":3,"column":4},"end":{"line":3,"column":61}},"3":{"start":{"line":6,"column":26},"end":{"line":10,"column":1}},"4":{"start":{"line":7,"column":4},"end":{"line":9,"column":5}},"5":{"start":{"line":12,"column":29},"end":{"line":12,"column":62}},"6":{"start":{"line":12,"column":39},"end":{"line":12,"column":62}},"7":{"start":{"line":14,"column":27},"end":{"line":14,"column":58}},"8":{"start":{"line":14,"column":39},"end":{"line":14,"column":58}},"9":{"start":{"line":16,"column":20},"end":{"line":26,"column":1}},"10":{"start":{"line":17,"column":24},"end":{"line":17,"column":41}},"11":{"start":{"line":18,"column":4},"end":{"line":25,"column":5}},"12":{"start":{"line":20,"column":12},"end":{"line":23,"column":41}},"13":{"start":{"line":28,"column":0},"end":{"line":28,"column":28}}},"fnMap":{"0":{"name":"(anonymous_0)","decl":{"start":{"line":1,"column":21},"end":{"line":1,"column":22}},"loc":{"start":{"line":1,"column":28},"end":{"line":4,"column":1}},"line":1},"1":{"name":"(anonymous_1)","decl":{"start":{"line":6,"column":26},"end":{"line":6,"column":27}},"loc":{"start":{"line":6,"column":44},"end":{"line":10,"column":1}},"line":6},"2":{"name":"(anonymous_2)","decl":{"start":{"line":12,"column":29},"end":{"line":12,"column":30}},"loc":{"start":{"line":12,"column":39},"end":{"line":12,"column":62}},"line":12},"3":{"name":"(anonymous_3)","decl":{"start":{"line":14,"column":27},"end":{"line":14,"column":28}},"loc":{"start":{"line":14,"column":39},"end":{"line":14,"column":58}},"line":14},"4":{"name":"(anonymous_4)","decl":{"start":{"line":16,"column":20},"end":{"line":16,"column":21}},"loc":{"start":{"line":16,"column":27},"end":{"line":26,"column":1}},"line":16}},"branchMap":{"0":{"loc":{"start":{"line":3,"column":11},"end":{"line":3,"column":61}},"type":"cond-expr","locations":[{"start":{"line":3,"column":31},"end":{"line":3,"column":33}},{"start":{"line":3,"column":36},"end":{"line":3,"column":61}}],"line":3},"1":{"loc":{"start":{"line":8,"column":15},"end":{"line":8,"column":70}},"type":"cond-expr","locations":[{"start":{"line":8,"column":47},"end":{"line":8,"column":52}},{"start":{"line":8,"column":55},"end":{"line":8,"column":70}}],"line":8}},"s":{"0":1,"1":3,"2":3,"3":1,"4":5,"5":1,"6":2,"7":1,"8":5,"9":1,"10":3,"11":3,"12":3,"13":1},"f":{"0":3,"1":5,"2":2,"3":5,"4":3},"b":{"0":[1,2],"1":[3,2]},"_coverageSchema":"332fd63041d2c1bcb487cc26dd0d5f7d97098a6c","hash":"41d9140ea11e447badb444cf4bb7fb5393a522c5"}
,"/Users/dmaldonado/www/0004/src/URLParser/URL.js": {"path":"/Users/dmaldonado/www/0004/src/URLParser/URL.js","statementMap":{"0":{"start":{"line":1,"column":20},"end":{"line":1,"column":44}},"1":{"start":{"line":5,"column":8},"end":{"line":5,"column":28}},"2":{"start":{"line":6,"column":8},"end":{"line":6,"column":38}},"3":{"start":{"line":7,"column":8},"end":{"line":7,"column":28}},"4":{"start":{"line":10,"column":25},"end":{"line":10,"column":29}},"5":{"start":{"line":11,"column":8},"end":{"line":11,"column":94}},"6":{"start":{"line":14,"column":37},"end":{"line":14,"column":41}},"7":{"start":{"line":15,"column":8},"end":{"line":15,"column":65}},"8":{"start":{"line":19,"column":18},"end":{"line":26,"column":1}},"9":{"start":{"line":21,"column":18},"end":{"line":21,"column":32}},"10":{"start":{"line":22,"column":19},"end":{"line":22,"column":38}},"11":{"start":{"line":23,"column":24},"end":{"line":23,"column":49}},"12":{"start":{"line":25,"column":4},"end":{"line":25,"column":47}},"13":{"start":{"line":28,"column":0},"end":{"line":28,"column":26}}},"fnMap":{"0":{"name":"(anonymous_0)","decl":{"start":{"line":4,"column":4},"end":{"line":4,"column":5}},"loc":{"start":{"line":4,"column":45},"end":{"line":8,"column":5}},"line":4},"1":{"name":"(anonymous_1)","decl":{"start":{"line":9,"column":4},"end":{"line":9,"column":5}},"loc":{"start":{"line":9,"column":19},"end":{"line":12,"column":5}},"line":9},"2":{"name":"(anonymous_2)","decl":{"start":{"line":13,"column":4},"end":{"line":13,"column":5}},"loc":{"start":{"line":13,"column":19},"end":{"line":16,"column":5}},"line":13},"3":{"name":"(anonymous_3)","decl":{"start":{"line":19,"column":18},"end":{"line":19,"column":19}},"loc":{"start":{"line":19,"column":37},"end":{"line":26,"column":1}},"line":19}},"branchMap":{"0":{"loc":{"start":{"line":11,"column":15},"end":{"line":11,"column":94}},"type":"cond-expr","locations":[{"start":{"line":11,"column":55},"end":{"line":11,"column":68}},{"start":{"line":11,"column":71},"end":{"line":11,"column":94}}],"line":11}},"s":{"0":1,"1":3,"2":3,"3":3,"4":9,"5":9,"6":3,"7":3,"8":1,"9":3,"10":3,"11":3,"12":3,"13":1},"f":{"0":3,"1":9,"2":3,"3":3},"b":{"0":[3,6]},"_coverageSchema":"332fd63041d2c1bcb487cc26dd0d5f7d97098a6c","hash":"8cf0b9ff7fad8bdb61551dde8b56fd40eab68fe0"}
,"/Users/dmaldonado/www/0004/src/URLParser/URLFormat.js": {"path":"/Users/dmaldonado/www/0004/src/URLParser/URLFormat.js","statementMap":{"0":{"start":{"line":3,"column":8},"end":{"line":3,"column":38}},"1":{"start":{"line":6,"column":23},"end":{"line":6,"column":25}},"2":{"start":{"line":8,"column":8},"end":{"line":13,"column":10}},"3":{"start":{"line":10,"column":12},"end":{"line":12,"column":13}},"4":{"start":{"line":11,"column":16},"end":{"line":11,"column":65}},"5":{"start":{"line":15,"column":8},"end":{"line":15,"column":21}},"6":{"start":{"line":19,"column":24},"end":{"line":21,"column":1}},"7":{"start":{"line":20,"column":4},"end":{"line":20,"column":32}},"8":{"start":{"line":23,"column":0},"end":{"line":23,"column":32}}},"fnMap":{"0":{"name":"(anonymous_0)","decl":{"start":{"line":2,"column":4},"end":{"line":2,"column":5}},"loc":{"start":{"line":2,"column":24},"end":{"line":4,"column":5}},"line":2},"1":{"name":"(anonymous_1)","decl":{"start":{"line":5,"column":4},"end":{"line":5,"column":5}},"loc":{"start":{"line":5,"column":15},"end":{"line":16,"column":5}},"line":5},"2":{"name":"(anonymous_2)","decl":{"start":{"line":8,"column":27},"end":{"line":8,"column":28}},"loc":{"start":{"line":8,"column":43},"end":{"line":13,"column":9}},"line":8},"3":{"name":"(anonymous_3)","decl":{"start":{"line":19,"column":24},"end":{"line":19,"column":25}},"loc":{"start":{"line":19,"column":34},"end":{"line":21,"column":1}},"line":19}},"branchMap":{"0":{"loc":{"start":{"line":10,"column":12},"end":{"line":12,"column":13}},"type":"if","locations":[{"start":{"line":10,"column":12},"end":{"line":12,"column":13}},{"start":{"line":10,"column":12},"end":{"line":12,"column":13}}],"line":10}},"s":{"0":3,"1":3,"2":3,"3":15,"4":9,"5":3,"6":1,"7":3,"8":1},"f":{"0":3,"1":3,"2":15,"3":3},"b":{"0":[9,6]},"_coverageSchema":"332fd63041d2c1bcb487cc26dd0d5f7d97098a6c","hash":"6d4d9e81b9635d1c4c4458f7bb13e0d772cf8d34"}
,"/Users/dmaldonado/www/0004/src/Zoo/Lion.js": {"path":"/Users/dmaldonado/www/0004/src/Zoo/Lion.js","statementMap":{"0":{"start":{"line":3,"column":8},"end":{"line":3,"column":42}},"1":{"start":{"line":6,"column":8},"end":{"line":6,"column":42}},"2":{"start":{"line":9,"column":0},"end":{"line":9,"column":57}},"3":{"start":{"line":9,"column":34},"end":{"line":9,"column":57}}},"fnMap":{"0":{"name":"(anonymous_0)","decl":{"start":{"line":2,"column":4},"end":{"line":2,"column":5}},"loc":{"start":{"line":2,"column":31},"end":{"line":4,"column":5}},"line":2},"1":{"name":"(anonymous_1)","decl":{"start":{"line":5,"column":4},"end":{"line":5,"column":5}},"loc":{"start":{"line":5,"column":19},"end":{"line":7,"column":5}},"line":5},"2":{"name":"(anonymous_2)","decl":{"start":{"line":9,"column":17},"end":{"line":9,"column":18}},"loc":{"start":{"line":9,"column":34},"end":{"line":9,"column":57}},"line":9}},"branchMap":{},"s":{"0":1,"1":2,"2":1,"3":1},"f":{"0":1,"1":2,"2":1},"b":{},"_coverageSchema":"332fd63041d2c1bcb487cc26dd0d5f7d97098a6c","hash":"43b8fd64882cb7c62180e87e1729e82a5cb06e15"}
,"/Users/dmaldonado/www/0004/src/Zoo/SpeakStrategy.js": {"path":"/Users/dmaldonado/www/0004/src/Zoo/SpeakStrategy.js","statementMap":{"0":{"start":{"line":1,"column":22},"end":{"line":5,"column":1}},"1":{"start":{"line":1,"column":37},"end":{"line":5,"column":1}},"2":{"start":{"line":2,"column":4},"end":{"line":4,"column":18}},"3":{"start":{"line":3,"column":22},"end":{"line":3,"column":47}},"4":{"start":{"line":6,"column":0},"end":{"line":6,"column":30}}},"fnMap":{"0":{"name":"(anonymous_0)","decl":{"start":{"line":1,"column":22},"end":{"line":1,"column":23}},"loc":{"start":{"line":1,"column":37},"end":{"line":5,"column":1}},"line":1},"1":{"name":"(anonymous_1)","decl":{"start":{"line":1,"column":37},"end":{"line":1,"column":38}},"loc":{"start":{"line":1,"column":48},"end":{"line":5,"column":1}},"line":1},"2":{"name":"(anonymous_2)","decl":{"start":{"line":3,"column":13},"end":{"line":3,"column":14}},"loc":{"start":{"line":3,"column":22},"end":{"line":3,"column":47}},"line":3}},"branchMap":{},"s":{"0":1,"1":5,"2":7,"3":28,"4":1},"f":{"0":5,"1":7,"2":28},"b":{},"_coverageSchema":"332fd63041d2c1bcb487cc26dd0d5f7d97098a6c","hash":"8a3f754ff617529668faa16e573ad2029a7ce1c9"}
,"/Users/dmaldonado/www/0004/src/Zoo/Tiger.js": {"path":"/Users/dmaldonado/www/0004/src/Zoo/Tiger.js","statementMap":{"0":{"start":{"line":3,"column":8},"end":{"line":3,"column":44}},"1":{"start":{"line":6,"column":8},"end":{"line":6,"column":43}},"2":{"start":{"line":9,"column":0},"end":{"line":9,"column":60}},"3":{"start":{"line":9,"column":35},"end":{"line":9,"column":60}}},"fnMap":{"0":{"name":"(anonymous_0)","decl":{"start":{"line":2,"column":4},"end":{"line":2,"column":5}},"loc":{"start":{"line":2,"column":32},"end":{"line":4,"column":5}},"line":2},"1":{"name":"(anonymous_1)","decl":{"start":{"line":5,"column":4},"end":{"line":5,"column":5}},"loc":{"start":{"line":5,"column":19},"end":{"line":7,"column":5}},"line":5},"2":{"name":"(anonymous_2)","decl":{"start":{"line":9,"column":17},"end":{"line":9,"column":18}},"loc":{"start":{"line":9,"column":35},"end":{"line":9,"column":60}},"line":9}},"branchMap":{},"s":{"0":1,"1":2,"2":1,"3":1},"f":{"0":1,"1":2,"2":1},"b":{},"_coverageSchema":"332fd63041d2c1bcb487cc26dd0d5f7d97098a6c","hash":"a9ac32ff06f0a990fcad975b8a18b905a3da3db5"}
}
