TN:
SF:/Users/dmaldonado/www/0004/src/Lion.js
FN:1,(anonymous_0)
FNF:1
FNH:1
FNDA:1,(anonymous_0)
DA:1,1
DA:2,1
DA:4,2
DA:8,1
LF:4
LH:4
BRF:0
BRH:0
end_of_record
TN:
SF:/Users/dmaldonado/www/0004/src/SpeakStrategy.js
FN:1,(anonymous_0)
FN:1,(anonymous_1)
FN:3,(anonymous_2)
FNF:3
FNH:3
FNDA:5,(anonymous_0)
FNDA:7,(anonymous_1)
FNDA:28,(anonymous_2)
DA:1,5
DA:2,7
DA:3,28
DA:6,1
LF:4
LH:4
BRF:0
BRH:0
end_of_record
TN:
SF:/Users/dmaldonado/www/0004/src/Tiger.js
FN:1,(anonymous_0)
FNF:1
FNH:1
FNDA:1,(anonymous_0)
DA:1,1
DA:2,1
DA:4,2
DA:8,1
LF:4
LH:4
BRF:0
BRH:0
end_of_record
TN:
SF:/Users/dmaldonado/www/0004/src/URLParser/QueryParams.js
FN:3,(anonymous_0)
FN:8,(anonymous_1)
FN:12,(anonymous_2)
FNF:3
FNH:3
FNDA:2,(anonymous_0)
FNDA:2,(anonymous_1)
FNDA:3,(anonymous_2)
DA:1,1
DA:3,1
DA:4,2
DA:5,2
DA:8,1
DA:9,2
DA:10,2
DA:12,3
DA:17,1
LF:9
LH:9
BRDA:5,0,0,1
BRDA:5,0,1,1
BRF:2
BRH:2
end_of_record
TN:
SF:/Users/dmaldonado/www/0004/src/URLParser/URL.js
FN:4,(anonymous_0)
FN:9,(anonymous_1)
FN:13,(anonymous_2)
FN:19,(anonymous_3)
FNF:4
FNH:4
FNDA:2,(anonymous_0)
FNDA:6,(anonymous_1)
FNDA:2,(anonymous_2)
FNDA:2,(anonymous_3)
DA:1,1
DA:5,2
DA:6,2
DA:7,2
DA:10,6
DA:11,6
DA:14,2
DA:15,2
DA:19,1
DA:21,2
DA:22,2
DA:23,2
DA:25,2
DA:28,1
LF:14
LH:14
BRDA:11,0,0,2
BRDA:11,0,1,4
BRF:2
BRH:2
end_of_record
TN:
SF:/Users/dmaldonado/www/0004/src/URLParser/URLFormat.js
FN:2,(anonymous_0)
FN:5,(anonymous_1)
FN:8,(anonymous_2)
FN:19,(anonymous_3)
FNF:4
FNH:4
FNDA:2,(anonymous_0)
FNDA:2,(anonymous_1)
FNDA:10,(anonymous_2)
FNDA:2,(anonymous_3)
DA:3,2
DA:6,2
DA:8,2
DA:10,10
DA:11,6
DA:15,2
DA:19,1
DA:20,2
DA:23,1
LF:9
LH:9
BRDA:10,0,0,6
BRDA:10,0,1,4
BRF:2
BRH:2
end_of_record
TN:
SF:/Users/dmaldonado/www/0004/src/URLParser/utils/asHash.js
FN:1,(anonymous_0)
FN:2,(anonymous_1)
FN:7,(anonymous_2)
FNF:3
FNH:3
FNDA:2,(anonymous_0)
FNDA:3,(anonymous_1)
FNDA:1,(anonymous_2)
DA:1,1
DA:2,2
DA:3,3
DA:7,1
DA:9,1
LF:5
LH:5
BRDA:4,0,0,2
BRDA:4,0,1,1
BRF:2
BRH:2
end_of_record
