TN:
SF:/Users/dmaldonado/www/0004/src/URLParser/QueryParams.js
FN:1,(anonymous_0)
FN:5,(anonymous_1)
FN:6,(anonymous_2)
FN:7,(anonymous_3)
FN:13,(anonymous_4)
FNF:5
FNH:5
FNDA:3,(anonymous_0)
FNDA:5,(anonymous_1)
FNDA:2,(anonymous_2)
FNDA:5,(anonymous_3)
FNDA:3,(anonymous_4)
DA:1,1
DA:2,3
DA:3,3
DA:5,5
DA:6,2
DA:7,1
DA:8,5
DA:13,1
DA:14,3
DA:15,3
DA:17,3
DA:25,1
LF:12
LH:12
BRDA:3,0,0,1
BRDA:3,0,1,2
BRDA:9,1,0,3
BRDA:9,1,1,2
BRF:4
BRH:4
end_of_record
TN:
SF:/Users/dmaldonado/www/0004/src/URLParser/URL.js
FN:4,(anonymous_0)
FN:9,(anonymous_1)
FN:13,(anonymous_2)
FN:19,(anonymous_3)
FNF:4
FNH:4
FNDA:3,(anonymous_0)
FNDA:9,(anonymous_1)
FNDA:3,(anonymous_2)
FNDA:3,(anonymous_3)
DA:1,1
DA:5,3
DA:6,3
DA:7,3
DA:10,9
DA:11,9
DA:14,3
DA:15,3
DA:19,1
DA:21,3
DA:22,3
DA:23,3
DA:25,3
DA:28,1
LF:14
LH:14
BRDA:11,0,0,3
BRDA:11,0,1,6
BRF:2
BRH:2
end_of_record
TN:
SF:/Users/dmaldonado/www/0004/src/URLParser/URLFormat.js
FN:2,(anonymous_0)
FN:5,(anonymous_1)
FN:8,(anonymous_2)
FN:19,(anonymous_3)
FNF:4
FNH:4
FNDA:3,(anonymous_0)
FNDA:3,(anonymous_1)
FNDA:15,(anonymous_2)
FNDA:3,(anonymous_3)
DA:3,3
DA:6,3
DA:8,3
DA:10,15
DA:11,9
DA:15,3
DA:19,1
DA:20,3
DA:23,1
LF:9
LH:9
BRDA:10,0,0,9
BRDA:10,0,1,6
BRF:2
BRH:2
end_of_record
TN:
SF:/Users/dmaldonado/www/0004/src/Zoo/Lion.js
FN:5,(anonymous_0)
FN:10,(anonymous_1)
FNF:2
FNH:2
FNDA:1,(anonymous_0)
FNDA:1,(anonymous_1)
DA:1,1
DA:2,1
DA:6,1
DA:10,1
LF:4
LH:4
BRF:0
BRH:0
end_of_record
TN:
SF:/Users/dmaldonado/www/0004/src/Zoo/SpeakStrategy.js
FN:1,(anonymous_0)
FN:1,(anonymous_1)
FN:3,(anonymous_2)
FNF:3
FNH:3
FNDA:5,(anonymous_0)
FNDA:7,(anonymous_1)
FNDA:28,(anonymous_2)
DA:1,5
DA:2,7
DA:3,28
DA:6,1
LF:4
LH:4
BRF:0
BRH:0
end_of_record
TN:
SF:/Users/dmaldonado/www/0004/src/Zoo/SpeakingAnimal.js
FN:2,(anonymous_0)
FN:5,(anonymous_1)
FNF:2
FNH:2
FNDA:2,(anonymous_0)
FNDA:4,(anonymous_1)
DA:3,2
DA:6,4
DA:10,1
LF:3
LH:3
BRF:0
BRH:0
end_of_record
TN:
SF:/Users/dmaldonado/www/0004/src/Zoo/Tiger.js
FN:5,(anonymous_0)
FN:10,(anonymous_1)
FNF:2
FNH:2
FNDA:1,(anonymous_0)
FNDA:1,(anonymous_1)
DA:1,1
DA:2,1
DA:6,1
DA:10,1
LF:4
LH:4
BRF:0
BRH:0
end_of_record
